2026-01-22 22:37:30.584048 | 122d87e6-c093-44c4-9a62-6aa186c1d5d6 | GUEST | / | guest
2026-01-22 22:37:30.595041 | 77108cee-1857-46a5-9662-229913fdff69 | GUEST | /signin/ | guest
2026-01-22 22:37:34.766194 | 91733251-e80f-4137-b587-c56bb4e667dd | GUEST | /signin/ | guest
2026-01-22 22:37:34.779643 | 0be7f294-ad20-48a3-9ec2-16dbac780b80 | HTTPAccess | /profilesecure/ | dimas
2026-01-22 22:37:36.463175 | 15c7cf0e-4cf1-4e81-b59e-bda3abb6bd84 | HTTPAccess | /createcar/ | dimas
2026-01-22 22:37:38.900245 | 1936431d-e4a7-452f-a0d0-3099e43327e6 | HTTPAccess | /createcar/ | dimas
2026-01-22 22:37:48.047130 | 75a73f12-753a-4cb6-ae9d-23da256cb586 | HTTPAccess | / | dimas
2026-01-22 22:37:49.365517 | 8d7a3d60-bdda-46cd-8213-389f97f33ea3 | HTTPAccess | /createcar/ | dimas
2026-01-22 22:37:59.076924 | 5ed910d9-d456-4c7c-abe4-5bf1cd1a5aaa | HTTPAccess | / | dimas
2026-01-22 22:37:59.367863 | 56685cba-73c4-4777-93c6-bb42bef65a59 | HTTPAccess | /favicon.ico | dimas
2026-01-22 22:38:00.500535 | 1987fc8e-89df-4d4e-b8cc-ca7971f5a522 | HTTPAccess | /createcar/ | dimas
2026-01-22 22:38:13.957813 | 4b59a9ab-6abe-4289-b5e0-500730e24101 | HTTPAccess | /searchcar/ | dimas
2026-01-22 22:38:14.901429 | 1c786707-e37b-4d5b-b081-e695b238dc6d | HTTPAccess | /deletecar/ | dimas
2026-01-22 22:38:15.781935 | 15605a3c-0752-4a97-b5e4-37608cc061ff | HTTPAccess | /createcar/ | dimas
2026-01-22 22:38:16.802909 | 96b6e3aa-c5f7-441e-9d04-0fcaf121114d | HTTPAccess | /deletecar/ | dimas
2026-01-22 22:38:17.252587 | 074fa2fd-451e-4214-a063-103a28c45cf2 | HTTPAccess | /updatecar/ | dimas
2026-01-22 22:38:18.223162 | 427bffd1-a0bb-4cac-b2da-94e32a14f838 | HTTPAccess | /readcar/ | dimas
2026-01-22 22:38:18.433120 | a632ef2f-6343-4f24-ae7b-23820c1026de | INTRUDER | /api/cars/ | guest
2026-01-22 22:38:18.435841 | ed10735b-f0ed-4547-894f-7ef90f058bb5 | GUEST | /signin/ | guest
2026-01-22 22:38:28.965494 | 2cc65257-f0ff-4913-ada2-58b3d4517147 | HTTPAccess | /createcar/ | dimas
2026-01-22 22:38:29.710503 | 2c1c5f98-b4e4-480e-a088-f2330e248d03 | HTTPAccess | /updatecar/ | dimas
2026-01-22 22:38:30.371054 | c9195ec1-2182-4188-9008-6d0cb0310683 | HTTPAccess | /readcar/ | dimas
2026-01-22 22:38:30.375019 | e1e2abee-9742-474b-a5bf-34bd9c3441a7 | INTRUDER | /api/cars/ | guest
2026-01-22 22:38:30.377358 | 86458966-94c6-47b1-a416-8c83e9344223 | GUEST | /signin/ | guest
2026-01-22 22:38:40.768732 | e2d36e47-0ccc-4949-bdff-72ed9795c441 | HTTPAccess | /createcar/ | dimas
2026-01-22 22:39:13.362699 | bf3bd046-71b8-4df8-9b1f-f162bc4d2823 | HTTPAccess | /createcar/ | dimas
2026-01-22 22:39:21.585684 | 41091254-5358-4bd2-9920-ffea9538000b | HTTPAccess | /createcarsave/ | dimas
2026-01-22 22:39:21.590443 | 3a548dea-f47b-4611-877c-a309ddb06e3e | INTRUDER | /api/cars/ | guest
2026-01-22 22:39:21.594210 | a64d9f4a-e87f-460a-9031-468e74a18b0d | GUEST | /signin/ | guest
2026-01-22 22:39:21.602088 | 3447ca22-506d-4140-8226-a0a8486cf740 | HTTPAccess | /readcar/ | dimas
2026-01-22 22:39:21.606867 | 6366a071-bb37-43f3-91ce-8f9f07df54f2 | INTRUDER | /api/cars/ | guest
2026-01-22 22:39:21.612509 | ad32b9a2-bd8a-40a6-b7ed-505e8ea2297b | GUEST | /signin/ | guest
2026-01-22 22:43:25.650311 | 610ed1ba-f38d-4f80-865d-99c99eb0f7e9 | GUEST | / | guest
2026-01-22 22:43:25.665270 | c9604e4b-18c8-45d7-ab56-77642c9212c4 | GUEST | /signin/ | guest
2026-01-22 22:43:30.447954 | 7b61a899-a411-483f-918d-90831829589d | GUEST | /signin/ | guest
2026-01-22 22:43:30.467905 | 8ffcab6c-0d0f-4033-8e5c-ef971db15b33 | HTTPAccess | /profilesecure/ | dimas
2026-01-22 22:43:31.824215 | 96e1a7a4-9537-4430-853d-3d027bc8ed36 | HTTPAccess | /readcar/ | dimas
2026-01-22 22:43:33.439661 | 21bc27e6-d7f8-4e86-b43e-8c84dc4f1c72 | HTTPAccess | /createcar/ | dimas
2026-01-22 22:43:35.184368 | fc21f210-0d20-4d05-b0f5-9172f9bdcdae | HTTPAccess | /updatecar/ | dimas
2026-01-22 22:43:48.445289 | ebcf8500-60ed-4a89-b6f4-d94cce7d39b0 | HTTPAccess | / | dimas
2026-01-22 22:43:50.819474 | 17d6f244-ce93-4194-b380-54c38b96e18a | HTTPAccess | /createcar/ | dimas
2026-01-22 22:44:14.560355 | e3ceb7fb-5a0e-4a6b-bd2a-44d78ebcada1 | HTTPAccess | / | dimas
2026-01-22 22:44:17.244733 | 50416181-e0e8-4312-9054-4b5544da9a0b | HTTPAccess | /createcar/ | dimas
2026-01-22 22:44:25.978090 | d5f53274-7d80-4303-b307-9a00b78f67af | HTTPAccess | /readcar/ | dimas
2026-01-22 22:44:27.896783 | 15bc9918-c593-4df4-8aa6-d069c23791cc | HTTPAccess | /createcar/ | dimas
2026-01-22 22:44:28.773721 | b55b36b4-8e44-4cc0-bae7-79dc186856f8 | HTTPAccess | /readcar/ | dimas
2026-01-22 22:44:29.428066 | 6830925f-b100-49ee-a95a-9f1ed1eeff52 | HTTPAccess | /createcar/ | dimas
2026-01-22 22:45:04.961693 | c6ed44e1-b71c-40cb-ba4c-fa5c2baedd5c | HTTPAccess | / | dimas
2026-01-22 22:45:05.235119 | 4b55e39b-7d69-418b-9856-6fe085031fcf | HTTPAccess | /favicon.ico | dimas
2026-01-22 22:45:06.535029 | 4ff65ea7-50c9-4ea9-ab60-2d7bcdda01f1 | HTTPAccess | /createcar/ | dimas
2026-01-22 22:46:18.657420 | d39f14ce-88c2-471e-b90d-ab010eff0053 | INTRUDER | /createcar/ | guest
2026-01-22 22:46:18.662961 | b4267561-1fc8-4088-861a-9c1e584a532a | GUEST | /signin/ | guest
2026-01-22 22:46:34.895307 | a5067157-2907-4f91-8e2d-ec7056aef844 | GUEST | /signin/ | guest
2026-01-22 22:46:34.911943 | 7e177527-a27e-47f1-b276-7144898178b0 | HTTPAccess | /profilesecure/ | 445thg4e
2026-01-22 22:46:41.499714 | cf4ece05-0fb2-48e8-9f43-1c410efb8554 | HTTPAccess | /createcar/ | 445thg4e
2026-01-22 22:46:49.618933 | cc07292f-c074-4eec-b408-fd43a739ffe4 | HTTPAccess | /createcarsave/ | 445thg4e
2026-01-22 22:46:49.735640 | f48d6741-4ef2-4ed5-abe9-d0fceab26689 | INTRUDER | /api/cars/ | guest
2026-01-22 22:46:49.738567 | 0654c3ce-8a8c-4db4-98a2-d81a8877a2ce | GUEST | /signin/ | guest
2026-01-22 22:46:49.746642 | 4732aa3c-cb18-4b7b-b4a6-799f69caef0d | HTTPAccess | /readcar/ | 445thg4e
2026-01-22 22:46:54.532556 | 78157980-37f6-4580-bc1b-8ff5b0d9a972 | HTTPAccess | /readcar/ | 445thg4e
2026-01-22 22:46:58.618719 | 7c08610b-4f22-4488-8235-105fe0d1cb32 | HTTPAccess | /createcar/ | 445thg4e
2026-01-22 22:47:10.188392 | 04fafc20-e4ea-4919-8a3a-a8619b30600b | INTRUDER | /createcarsave/ | guest
2026-01-22 22:47:10.192973 | 0ab69de5-96e1-42ad-b7db-927dc71ea3b7 | GUEST | /signin/ | guest
2026-01-22 22:47:17.544277 | 7d0c4802-49d7-4944-bc51-f38d6240cd65 | GUEST | /signin/ | guest
2026-01-22 22:47:17.560004 | fe46779d-d844-48eb-bae8-45eca9bc7c44 | HTTPAccess | /profilesecure/ | dimas
2026-01-22 22:47:19.207081 | 3fbf78fc-557a-4014-a2d8-5c5c024ffcf9 | HTTPAccess | /readcar/ | dimas
2026-01-22 22:47:21.164969 | 8f93d4ca-3328-4a66-abd5-8c874a9ceb5a | HTTPAccess | /createcar/ | dimas
2026-01-22 22:47:29.252312 | 8cab0997-7c3c-4b90-a95a-a0912e0d6b4b | HTTPAccess | /createcarsave/ | dimas
2026-01-22 22:47:29.256890 | 2126c0d2-3b1e-4def-bb18-805682e29865 | INTRUDER | /api/cars/ | guest
2026-01-22 22:47:29.259395 | 93ddeb76-5678-437d-9219-bffd9419b749 | GUEST | /signin/ | guest
2026-01-22 22:47:29.264789 | edd8c9e7-a6e8-418b-9b09-25ec114c2533 | HTTPAccess | /readcar/ | dimas
2026-01-22 22:47:33.440795 | d8e73d64-5e99-40b9-85c2-767c52ee823b | HTTPAccess | /readcar/ | dimas
2026-01-22 22:47:38.597506 | ab7419ac-3956-43e8-ae64-a972c4536b88 | HTTPAccess | /readcar/ | dimas
2026-01-22 22:47:45.571583 | 8af457d0-c100-4050-8159-1717aaa88e60 | HTTPAccess | /readcar/ | dimas
2026-01-22 22:47:53.228523 | acde72c8-9118-4eb2-8604-19f5c047a835 | INTRUDER | /readcar/ | guest
2026-01-22 22:47:53.233344 | 2d370c27-ca15-4252-98b0-847b4a0bd16c | GUEST | /signin/ | guest
2026-01-22 22:47:59.829782 | b2c7761e-6a0d-45a1-8d86-4e1b91e84935 | GUEST | /signin/ | guest
2026-01-22 22:47:59.845092 | 5f76d141-d3da-4302-a1a9-0da672ae39d0 | HTTPAccess | /profilesecure/ | k
2026-01-22 22:49:07.733041 | c84e993c-6089-40a4-8203-2112e989e3f6 | INTRUDER | /createcar/ | guest
2026-01-22 22:49:07.736594 | 210a2c62-1b2b-43e3-81c7-1e00a6e7d54d | GUEST | /signin/ | guest
